Copyright 1986-2018 Xilinx, Inc. All Rights Reserved.
-------------------------------------------------------------------------------------------------------------------------------------------------
| Tool Version     : Vivado v.2018.2 (win64) Build 2258646 Thu Jun 14 20:03:12 MDT 2018
| Date             : Fri Mar 31 19:05:47 2023
| Host             : LAPTOP-ACP1FU8D running 64-bit major release  (build 9200)
| Command          : report_power -file Main_menu_power_routed.rpt -pb Main_menu_power_summary_routed.pb -rpx Main_menu_power_routed.rpx
| Design           : Main_menu
| Device           : xc7a35tcpg236-1
| Design State     : routed
| Grade            : commercial
| Process          : typical
| Characterization : Production
-------------------------------------------------------------------------------------------------------------------------------------------------

Power Report

Table of Contents
-----------------
1. Summary
1.1 On-Chip Components
1.2 Power Supply Summary
1.3 Confidence Level
2. Settings
2.1 Environment
2.2 Clock Constraints
3. Detailed Reports
3.1 By Hierarchy

1. Summary
----------

+--------------------------+--------------+
| Total On-Chip Power (W)  | 0.174        |
| Design Power Budget (W)  | Unspecified* |
| Power Budget Margin (W)  | NA           |
| Dynamic (W)              | 0.101        |
| Device Static (W)        | 0.074        |
| Effective TJA (C/W)      | 5.0          |
| Max Ambient (C)          | 84.1         |
| Junction Temperature (C) | 25.9         |
| Confidence Level         | Low          |
| Setting File             | ---          |
| Simulation Activity File | ---          |
| Design Nets Matched      | NA           |
+--------------------------+--------------+
* Specify Design Power Budget using, set_operating_conditions -design_power_budget <value in Watts>


1.1 On-Chip Components
----------------------

+--------------------------+-----------+----------+-----------+-----------------+
| On-Chip                  | Power (W) | Used     | Available | Utilization (%) |
+--------------------------+-----------+----------+-----------+-----------------+
| Clocks                   |     0.014 |        3 |       --- |             --- |
| Slice Logic              |     0.014 |    19956 |       --- |             --- |
|   LUT as Logic           |     0.011 |     9020 |     20800 |           43.37 |
|   CARRY4                 |     0.002 |     1411 |      8150 |           17.31 |
|   Register               |    <0.001 |     3905 |     41600 |            9.39 |
|   F7/F8 Muxes            |    <0.001 |     1374 |     32600 |            4.21 |
|   LUT as Distributed RAM |    <0.001 |     2336 |      9600 |           24.33 |
|   BUFG                   |     0.000 |       11 |        32 |           34.38 |
|   Others                 |     0.000 |      244 |       --- |             --- |
| Signals                  |     0.015 |    14220 |       --- |             --- |
| Block RAM                |     0.051 |       36 |        50 |           72.00 |
| DSPs                     |    <0.001 |        8 |        90 |            8.89 |
| I/O                      |     0.006 |       79 |       106 |           74.53 |
| Static Power             |     0.074 |          |           |                 |
| Total                    |     0.174 |          |           |                 |
+--------------------------+-----------+----------+-----------+-----------------+


1.2 Power Supply Summary
------------------------

+-----------+-------------+-----------+-------------+------------+
| Source    | Voltage (V) | Total (A) | Dynamic (A) | Static (A) |
+-----------+-------------+-----------+-------------+------------+
| Vccint    |       1.000 |     0.100 |       0.090 |      0.011 |
| Vccaux    |       1.800 |     0.013 |       0.000 |      0.013 |
| Vcco33    |       3.300 |     0.003 |       0.002 |      0.001 |
| Vcco25    |       2.500 |     0.000 |       0.000 |      0.000 |
| Vcco18    |       1.800 |     0.000 |       0.000 |      0.000 |
| Vcco15    |       1.500 |     0.000 |       0.000 |      0.000 |
| Vcco135   |       1.350 |     0.000 |       0.000 |      0.000 |
| Vcco12    |       1.200 |     0.000 |       0.000 |      0.000 |
| Vccaux_io |       1.800 |     0.000 |       0.000 |      0.000 |
| Vccbram   |       1.000 |     0.006 |       0.005 |      0.001 |
| MGTAVcc   |       1.000 |     0.000 |       0.000 |      0.000 |
| MGTAVtt   |       1.200 |     0.000 |       0.000 |      0.000 |
| Vccadc    |       1.800 |     0.020 |       0.000 |      0.020 |
+-----------+-------------+-----------+-------------+------------+


1.3 Confidence Level
--------------------

+-----------------------------+------------+--------------------------------------------------------+--------------------------------------------------------------------------------------------------------------------+
| User Input Data             | Confidence | Details                                                | Action                                                                                                             |
+-----------------------------+------------+--------------------------------------------------------+--------------------------------------------------------------------------------------------------------------------+
| Design implementation state | High       | Design is routed                                       |                                                                                                                    |
| Clock nodes activity        | Low        | User specified less than 75% of clocks                 | Provide missing clock activity with a constraint file, simulation results or by editing the "By Clock Domain" view |
| I/O nodes activity          | Low        | More than 75% of inputs are missing user specification | Provide missing input activity with simulation results or by editing the "By Resource Type -> I/Os" view           |
| Internal nodes activity     | Medium     | User specified less than 25% of internal nodes         | Provide missing internal nodes activity with simulation results or by editing the "By Resource Type" views         |
| Device models               | High       | Device models are Production                           |                                                                                                                    |
|                             |            |                                                        |                                                                                                                    |
| Overall confidence level    | Low        |                                                        |                                                                                                                    |
+-----------------------------+------------+--------------------------------------------------------+--------------------------------------------------------------------------------------------------------------------+


2. Settings
-----------

2.1 Environment
---------------

+-----------------------+--------------------------+
| Ambient Temp (C)      | 25.0                     |
| ThetaJA (C/W)         | 5.0                      |
| Airflow (LFM)         | 250                      |
| Heat Sink             | medium (Medium Profile)  |
| ThetaSA (C/W)         | 4.6                      |
| Board Selection       | medium (10"x10")         |
| # of Board Layers     | 12to15 (12 to 15 Layers) |
| Board Temperature (C) | 25.0                     |
+-----------------------+--------------------------+


2.2 Clock Constraints
---------------------

+-------------+--------+-----------------+
| Clock       | Domain | Constraint (ns) |
+-------------+--------+-----------------+
| sys_clk_pin | clock  |            10.0 |
+-------------+--------+-----------------+


3. Detailed Reports
-------------------

3.1 By Hierarchy
----------------

+-------------------------------------------+-----------+
| Name                                      | Power (W) |
+-------------------------------------------+-----------+
| Main_menu                                 |     0.101 |
|   impr_a                                  |     0.003 |
|     paintStart                            |     0.003 |
|       LED_Clock                           |    <0.001 |
|       pixel_status_reg_0_127_0_0          |     0.000 |
|       pixel_status_reg_0_127_10_10        |     0.000 |
|       pixel_status_reg_0_127_11_11        |     0.000 |
|       pixel_status_reg_0_127_12_12        |     0.000 |
|       pixel_status_reg_0_127_13_13        |     0.000 |
|       pixel_status_reg_0_127_14_14        |     0.000 |
|       pixel_status_reg_0_127_15_15        |     0.000 |
|       pixel_status_reg_0_127_1_1          |     0.000 |
|       pixel_status_reg_0_127_2_2          |     0.000 |
|       pixel_status_reg_0_127_3_3          |     0.000 |
|       pixel_status_reg_0_127_4_4          |     0.000 |
|       pixel_status_reg_0_127_5_5          |     0.000 |
|       pixel_status_reg_0_127_6_6          |     0.000 |
|       pixel_status_reg_0_127_7_7          |     0.000 |
|       pixel_status_reg_0_127_8_8          |     0.000 |
|       pixel_status_reg_0_127_9_9          |     0.000 |
|       pixel_status_reg_0_15_0_0           |     0.000 |
|       pixel_status_reg_0_15_0_0__0        |     0.000 |
|       pixel_status_reg_0_15_0_0__1        |     0.000 |
|       pixel_status_reg_0_15_0_0__10       |     0.000 |
|       pixel_status_reg_0_15_0_0__11       |     0.000 |
|       pixel_status_reg_0_15_0_0__12       |     0.000 |
|       pixel_status_reg_0_15_0_0__13       |     0.000 |
|       pixel_status_reg_0_15_0_0__14       |     0.000 |
|       pixel_status_reg_0_15_0_0__15       |     0.000 |
|       pixel_status_reg_0_15_0_0__16       |     0.000 |
|       pixel_status_reg_0_15_0_0__17       |     0.000 |
|       pixel_status_reg_0_15_0_0__18       |     0.000 |
|       pixel_status_reg_0_15_0_0__19       |     0.000 |
|       pixel_status_reg_0_15_0_0__2        |     0.000 |
|       pixel_status_reg_0_15_0_0__20       |     0.000 |
|       pixel_status_reg_0_15_0_0__21       |     0.000 |
|       pixel_status_reg_0_15_0_0__22       |     0.000 |
|       pixel_status_reg_0_15_0_0__23       |     0.000 |
|       pixel_status_reg_0_15_0_0__24       |     0.000 |
|       pixel_status_reg_0_15_0_0__25       |     0.000 |
|       pixel_status_reg_0_15_0_0__26       |     0.000 |
|       pixel_status_reg_0_15_0_0__27       |     0.000 |
|       pixel_status_reg_0_15_0_0__28       |     0.000 |
|       pixel_status_reg_0_15_0_0__29       |     0.000 |
|       pixel_status_reg_0_15_0_0__3        |     0.000 |
|       pixel_status_reg_0_15_0_0__30       |     0.000 |
|       pixel_status_reg_0_15_0_0__31       |     0.000 |
|       pixel_status_reg_0_15_0_0__32       |     0.000 |
|       pixel_status_reg_0_15_0_0__33       |     0.000 |
|       pixel_status_reg_0_15_0_0__34       |     0.000 |
|       pixel_status_reg_0_15_0_0__35       |     0.000 |
|       pixel_status_reg_0_15_0_0__36       |     0.000 |
|       pixel_status_reg_0_15_0_0__37       |     0.000 |
|       pixel_status_reg_0_15_0_0__38       |     0.000 |
|       pixel_status_reg_0_15_0_0__39       |     0.000 |
|       pixel_status_reg_0_15_0_0__4        |     0.000 |
|       pixel_status_reg_0_15_0_0__40       |     0.000 |
|       pixel_status_reg_0_15_0_0__41       |     0.000 |
|       pixel_status_reg_0_15_0_0__42       |     0.000 |
|       pixel_status_reg_0_15_0_0__43       |     0.000 |
|       pixel_status_reg_0_15_0_0__44       |     0.000 |
|       pixel_status_reg_0_15_0_0__45       |     0.000 |
|       pixel_status_reg_0_15_0_0__46       |     0.000 |
|       pixel_status_reg_0_15_0_0__47       |     0.000 |
|       pixel_status_reg_0_15_0_0__48       |     0.000 |
|       pixel_status_reg_0_15_0_0__49       |     0.000 |
|       pixel_status_reg_0_15_0_0__5        |     0.000 |
|       pixel_status_reg_0_15_0_0__50       |     0.000 |
|       pixel_status_reg_0_15_0_0__51       |     0.000 |
|       pixel_status_reg_0_15_0_0__52       |     0.000 |
|       pixel_status_reg_0_15_0_0__53       |     0.000 |
|       pixel_status_reg_0_15_0_0__54       |     0.000 |
|       pixel_status_reg_0_15_0_0__55       |     0.000 |
|       pixel_status_reg_0_15_0_0__56       |     0.000 |
|       pixel_status_reg_0_15_0_0__57       |     0.000 |
|       pixel_status_reg_0_15_0_0__58       |     0.000 |
|       pixel_status_reg_0_15_0_0__59       |     0.000 |
|       pixel_status_reg_0_15_0_0__6        |     0.000 |
|       pixel_status_reg_0_15_0_0__60       |     0.000 |
|       pixel_status_reg_0_15_0_0__61       |     0.000 |
|       pixel_status_reg_0_15_0_0__62       |     0.000 |
|       pixel_status_reg_0_15_0_0__7        |     0.000 |
|       pixel_status_reg_0_15_0_0__8        |     0.000 |
|       pixel_status_reg_0_15_0_0__9        |     0.000 |
|       pixel_status_reg_0_31_0_0           |     0.000 |
|       pixel_status_reg_0_31_0_0__0        |     0.000 |
|       pixel_status_reg_0_31_0_0__1        |     0.000 |
|       pixel_status_reg_0_31_0_0__10       |     0.000 |
|       pixel_status_reg_0_31_0_0__11       |     0.000 |
|       pixel_status_reg_0_31_0_0__12       |     0.000 |
|       pixel_status_reg_0_31_0_0__13       |     0.000 |
|       pixel_status_reg_0_31_0_0__14       |     0.000 |
|       pixel_status_reg_0_31_0_0__2        |     0.000 |
|       pixel_status_reg_0_31_0_0__3        |     0.000 |
|       pixel_status_reg_0_31_0_0__4        |     0.000 |
|       pixel_status_reg_0_31_0_0__5        |     0.000 |
|       pixel_status_reg_0_31_0_0__6        |     0.000 |
|       pixel_status_reg_0_31_0_0__7        |     0.000 |
|       pixel_status_reg_0_31_0_0__8        |     0.000 |
|       pixel_status_reg_0_31_0_0__9        |     0.000 |
|       pixel_status_reg_0_63_0_0           |     0.000 |
|       pixel_status_reg_0_63_0_0__0        |     0.000 |
|       pixel_status_reg_0_63_0_0__1        |     0.000 |
|       pixel_status_reg_0_63_0_0__10       |     0.000 |
|       pixel_status_reg_0_63_0_0__11       |     0.000 |
|       pixel_status_reg_0_63_0_0__12       |     0.000 |
|       pixel_status_reg_0_63_0_0__13       |     0.000 |
|       pixel_status_reg_0_63_0_0__14       |     0.000 |
|       pixel_status_reg_0_63_0_0__2        |     0.000 |
|       pixel_status_reg_0_63_0_0__3        |     0.000 |
|       pixel_status_reg_0_63_0_0__4        |     0.000 |
|       pixel_status_reg_0_63_0_0__5        |     0.000 |
|       pixel_status_reg_0_63_0_0__6        |     0.000 |
|       pixel_status_reg_0_63_0_0__7        |     0.000 |
|       pixel_status_reg_0_63_0_0__8        |     0.000 |
|       pixel_status_reg_0_63_0_0__9        |     0.000 |
|       pixel_status_reg_1024_1151_0_0      |     0.000 |
|       pixel_status_reg_1024_1151_10_10    |     0.000 |
|       pixel_status_reg_1024_1151_11_11    |     0.000 |
|       pixel_status_reg_1024_1151_12_12    |     0.000 |
|       pixel_status_reg_1024_1151_13_13    |     0.000 |
|       pixel_status_reg_1024_1151_14_14    |     0.000 |
|       pixel_status_reg_1024_1151_15_15    |     0.000 |
|       pixel_status_reg_1024_1151_1_1      |     0.000 |
|       pixel_status_reg_1024_1151_2_2      |     0.000 |
|       pixel_status_reg_1024_1151_3_3      |     0.000 |
|       pixel_status_reg_1024_1151_4_4      |     0.000 |
|       pixel_status_reg_1024_1151_5_5      |     0.000 |
|       pixel_status_reg_1024_1151_6_6      |     0.000 |
|       pixel_status_reg_1024_1151_7_7      |     0.000 |
|       pixel_status_reg_1024_1151_8_8      |     0.000 |
|       pixel_status_reg_1024_1151_9_9      |     0.000 |
|       pixel_status_reg_1152_1279_0_0      |     0.000 |
|       pixel_status_reg_1152_1279_10_10    |     0.000 |
|       pixel_status_reg_1152_1279_11_11    |     0.000 |
|       pixel_status_reg_1152_1279_12_12    |     0.000 |
|       pixel_status_reg_1152_1279_13_13    |     0.000 |
|       pixel_status_reg_1152_1279_14_14    |     0.000 |
|       pixel_status_reg_1152_1279_15_15    |     0.000 |
|       pixel_status_reg_1152_1279_1_1      |     0.000 |
|       pixel_status_reg_1152_1279_2_2      |     0.000 |
|       pixel_status_reg_1152_1279_3_3      |     0.000 |
|       pixel_status_reg_1152_1279_4_4      |     0.000 |
|       pixel_status_reg_1152_1279_5_5      |     0.000 |
|       pixel_status_reg_1152_1279_6_6      |     0.000 |
|       pixel_status_reg_1152_1279_7_7      |     0.000 |
|       pixel_status_reg_1152_1279_8_8      |     0.000 |
|       pixel_status_reg_1152_1279_9_9      |     0.000 |
|       pixel_status_reg_1280_1407_0_0      |     0.000 |
|       pixel_status_reg_1280_1407_10_10    |     0.000 |
|       pixel_status_reg_1280_1407_11_11    |     0.000 |
|       pixel_status_reg_1280_1407_12_12    |     0.000 |
|       pixel_status_reg_1280_1407_13_13    |     0.000 |
|       pixel_status_reg_1280_1407_14_14    |     0.000 |
|       pixel_status_reg_1280_1407_15_15    |     0.000 |
|       pixel_status_reg_1280_1407_1_1      |     0.000 |
|       pixel_status_reg_1280_1407_2_2      |     0.000 |
|       pixel_status_reg_1280_1407_3_3      |     0.000 |
|       pixel_status_reg_1280_1407_4_4      |     0.000 |
|       pixel_status_reg_1280_1407_5_5      |     0.000 |
|       pixel_status_reg_1280_1407_6_6      |     0.000 |
|       pixel_status_reg_1280_1407_7_7      |     0.000 |
|       pixel_status_reg_1280_1407_8_8      |     0.000 |
|       pixel_status_reg_1280_1407_9_9      |     0.000 |
|       pixel_status_reg_128_255_0_0        |     0.000 |
|       pixel_status_reg_128_255_10_10      |     0.000 |
|       pixel_status_reg_128_255_11_11      |     0.000 |
|       pixel_status_reg_128_255_12_12      |     0.000 |
|       pixel_status_reg_128_255_13_13      |     0.000 |
|       pixel_status_reg_128_255_14_14      |     0.000 |
|       pixel_status_reg_128_255_15_15      |     0.000 |
|       pixel_status_reg_128_255_1_1        |     0.000 |
|       pixel_status_reg_128_255_2_2        |     0.000 |
|       pixel_status_reg_128_255_3_3        |     0.000 |
|       pixel_status_reg_128_255_4_4        |     0.000 |
|       pixel_status_reg_128_255_5_5        |     0.000 |
|       pixel_status_reg_128_255_6_6        |     0.000 |
|       pixel_status_reg_128_255_7_7        |     0.000 |
|       pixel_status_reg_128_255_8_8        |     0.000 |
|       pixel_status_reg_128_255_9_9        |     0.000 |
|       pixel_status_reg_1408_1535_0_0      |     0.000 |
|       pixel_status_reg_1408_1535_10_10    |     0.000 |
|       pixel_status_reg_1408_1535_11_11    |     0.000 |
|       pixel_status_reg_1408_1535_12_12    |     0.000 |
|       pixel_status_reg_1408_1535_13_13    |     0.000 |
|       pixel_status_reg_1408_1535_14_14    |     0.000 |
|       pixel_status_reg_1408_1535_15_15    |     0.000 |
|       pixel_status_reg_1408_1535_1_1      |     0.000 |
|       pixel_status_reg_1408_1535_2_2      |     0.000 |
|       pixel_status_reg_1408_1535_3_3      |     0.000 |
|       pixel_status_reg_1408_1535_4_4      |     0.000 |
|       pixel_status_reg_1408_1535_5_5      |     0.000 |
|       pixel_status_reg_1408_1535_6_6      |     0.000 |
|       pixel_status_reg_1408_1535_7_7      |     0.000 |
|       pixel_status_reg_1408_1535_8_8      |     0.000 |
|       pixel_status_reg_1408_1535_9_9      |     0.000 |
|       pixel_status_reg_1536_1663_0_0      |     0.000 |
|       pixel_status_reg_1536_1663_10_10    |     0.000 |
|       pixel_status_reg_1536_1663_11_11    |     0.000 |
|       pixel_status_reg_1536_1663_12_12    |     0.000 |
|       pixel_status_reg_1536_1663_13_13    |     0.000 |
|       pixel_status_reg_1536_1663_14_14    |     0.000 |
|       pixel_status_reg_1536_1663_15_15    |     0.000 |
|       pixel_status_reg_1536_1663_1_1      |     0.000 |
|       pixel_status_reg_1536_1663_2_2      |     0.000 |
|       pixel_status_reg_1536_1663_3_3      |     0.000 |
|       pixel_status_reg_1536_1663_4_4      |     0.000 |
|       pixel_status_reg_1536_1663_5_5      |     0.000 |
|       pixel_status_reg_1536_1663_6_6      |     0.000 |
|       pixel_status_reg_1536_1663_7_7      |     0.000 |
|       pixel_status_reg_1536_1663_8_8      |     0.000 |
|       pixel_status_reg_1536_1663_9_9      |     0.000 |
|       pixel_status_reg_1664_1791_0_0      |     0.000 |
|       pixel_status_reg_1664_1791_10_10    |     0.000 |
|       pixel_status_reg_1664_1791_11_11    |     0.000 |
|       pixel_status_reg_1664_1791_12_12    |     0.000 |
|       pixel_status_reg_1664_1791_13_13    |     0.000 |
|       pixel_status_reg_1664_1791_14_14    |     0.000 |
|       pixel_status_reg_1664_1791_15_15    |     0.000 |
|       pixel_status_reg_1664_1791_1_1      |     0.000 |
|       pixel_status_reg_1664_1791_2_2      |     0.000 |
|       pixel_status_reg_1664_1791_3_3      |     0.000 |
|       pixel_status_reg_1664_1791_4_4      |     0.000 |
|       pixel_status_reg_1664_1791_5_5      |     0.000 |
|       pixel_status_reg_1664_1791_6_6      |     0.000 |
|       pixel_status_reg_1664_1791_7_7      |     0.000 |
|       pixel_status_reg_1664_1791_8_8      |     0.000 |
|       pixel_status_reg_1664_1791_9_9      |     0.000 |
|       pixel_status_reg_1792_1919_0_0      |     0.000 |
|       pixel_status_reg_1792_1919_10_10    |     0.000 |
|       pixel_status_reg_1792_1919_11_11    |     0.000 |
|       pixel_status_reg_1792_1919_12_12    |     0.000 |
|       pixel_status_reg_1792_1919_13_13    |     0.000 |
|       pixel_status_reg_1792_1919_14_14    |     0.000 |
|       pixel_status_reg_1792_1919_15_15    |     0.000 |
|       pixel_status_reg_1792_1919_1_1      |     0.000 |
|       pixel_status_reg_1792_1919_2_2      |     0.000 |
|       pixel_status_reg_1792_1919_3_3      |     0.000 |
|       pixel_status_reg_1792_1919_4_4      |     0.000 |
|       pixel_status_reg_1792_1919_5_5      |     0.000 |
|       pixel_status_reg_1792_1919_6_6      |     0.000 |
|       pixel_status_reg_1792_1919_7_7      |     0.000 |
|       pixel_status_reg_1792_1919_8_8      |     0.000 |
|       pixel_status_reg_1792_1919_9_9      |     0.000 |
|       pixel_status_reg_1920_2047_0_0      |     0.000 |
|       pixel_status_reg_1920_2047_10_10    |     0.000 |
|       pixel_status_reg_1920_2047_11_11    |     0.000 |
|       pixel_status_reg_1920_2047_12_12    |     0.000 |
|       pixel_status_reg_1920_2047_13_13    |     0.000 |
|       pixel_status_reg_1920_2047_14_14    |     0.000 |
|       pixel_status_reg_1920_2047_15_15    |     0.000 |
|       pixel_status_reg_1920_2047_1_1      |     0.000 |
|       pixel_status_reg_1920_2047_2_2      |     0.000 |
|       pixel_status_reg_1920_2047_3_3      |     0.000 |
|       pixel_status_reg_1920_2047_4_4      |     0.000 |
|       pixel_status_reg_1920_2047_5_5      |     0.000 |
|       pixel_status_reg_1920_2047_6_6      |     0.000 |
|       pixel_status_reg_1920_2047_7_7      |     0.000 |
|       pixel_status_reg_1920_2047_8_8      |     0.000 |
|       pixel_status_reg_1920_2047_9_9      |     0.000 |
|       pixel_status_reg_2048_2175_0_0      |     0.000 |
|       pixel_status_reg_2048_2175_10_10    |     0.000 |
|       pixel_status_reg_2048_2175_11_11    |     0.000 |
|       pixel_status_reg_2048_2175_12_12    |     0.000 |
|       pixel_status_reg_2048_2175_13_13    |     0.000 |
|       pixel_status_reg_2048_2175_14_14    |     0.000 |
|       pixel_status_reg_2048_2175_15_15    |     0.000 |
|       pixel_status_reg_2048_2175_1_1      |     0.000 |
|       pixel_status_reg_2048_2175_2_2      |     0.000 |
|       pixel_status_reg_2048_2175_3_3      |     0.000 |
|       pixel_status_reg_2048_2175_4_4      |     0.000 |
|       pixel_status_reg_2048_2175_5_5      |     0.000 |
|       pixel_status_reg_2048_2175_6_6      |     0.000 |
|       pixel_status_reg_2048_2175_7_7      |     0.000 |
|       pixel_status_reg_2048_2175_8_8      |     0.000 |
|       pixel_status_reg_2048_2175_9_9      |     0.000 |
|       pixel_status_reg_2176_2303_0_0      |     0.000 |
|       pixel_status_reg_2176_2303_10_10    |     0.000 |
|       pixel_status_reg_2176_2303_11_11    |     0.000 |
|       pixel_status_reg_2176_2303_12_12    |     0.000 |
|       pixel_status_reg_2176_2303_13_13    |     0.000 |
|       pixel_status_reg_2176_2303_14_14    |     0.000 |
|       pixel_status_reg_2176_2303_15_15    |     0.000 |
|       pixel_status_reg_2176_2303_1_1      |     0.000 |
|       pixel_status_reg_2176_2303_2_2      |     0.000 |
|       pixel_status_reg_2176_2303_3_3      |     0.000 |
|       pixel_status_reg_2176_2303_4_4      |     0.000 |
|       pixel_status_reg_2176_2303_5_5      |     0.000 |
|       pixel_status_reg_2176_2303_6_6      |     0.000 |
|       pixel_status_reg_2176_2303_7_7      |     0.000 |
|       pixel_status_reg_2176_2303_8_8      |     0.000 |
|       pixel_status_reg_2176_2303_9_9      |     0.000 |
|       pixel_status_reg_2304_2431_0_0      |     0.000 |
|       pixel_status_reg_2304_2431_10_10    |     0.000 |
|       pixel_status_reg_2304_2431_11_11    |     0.000 |
|       pixel_status_reg_2304_2431_12_12    |     0.000 |
|       pixel_status_reg_2304_2431_13_13    |     0.000 |
|       pixel_status_reg_2304_2431_14_14    |     0.000 |
|       pixel_status_reg_2304_2431_15_15    |     0.000 |
|       pixel_status_reg_2304_2431_1_1      |     0.000 |
|       pixel_status_reg_2304_2431_2_2      |     0.000 |
|       pixel_status_reg_2304_2431_3_3      |     0.000 |
|       pixel_status_reg_2304_2431_4_4      |     0.000 |
|       pixel_status_reg_2304_2431_5_5      |     0.000 |
|       pixel_status_reg_2304_2431_6_6      |     0.000 |
|       pixel_status_reg_2304_2431_7_7      |     0.000 |
|       pixel_status_reg_2304_2431_8_8      |     0.000 |
|       pixel_status_reg_2304_2431_9_9      |     0.000 |
|       pixel_status_reg_2432_2559_0_0      |     0.000 |
|       pixel_status_reg_2432_2559_10_10    |     0.000 |
|       pixel_status_reg_2432_2559_11_11    |     0.000 |
|       pixel_status_reg_2432_2559_12_12    |     0.000 |
|       pixel_status_reg_2432_2559_13_13    |     0.000 |
|       pixel_status_reg_2432_2559_14_14    |     0.000 |
|       pixel_status_reg_2432_2559_15_15    |     0.000 |
|       pixel_status_reg_2432_2559_1_1      |     0.000 |
|       pixel_status_reg_2432_2559_2_2      |     0.000 |
|       pixel_status_reg_2432_2559_3_3      |     0.000 |
|       pixel_status_reg_2432_2559_4_4      |     0.000 |
|       pixel_status_reg_2432_2559_5_5      |     0.000 |
|       pixel_status_reg_2432_2559_6_6      |     0.000 |
|       pixel_status_reg_2432_2559_7_7      |     0.000 |
|       pixel_status_reg_2432_2559_8_8      |     0.000 |
|       pixel_status_reg_2432_2559_9_9      |     0.000 |
|       pixel_status_reg_2560_2687_0_0      |     0.000 |
|       pixel_status_reg_2560_2687_10_10    |     0.000 |
|       pixel_status_reg_2560_2687_11_11    |     0.000 |
|       pixel_status_reg_2560_2687_12_12    |     0.000 |
|       pixel_status_reg_2560_2687_13_13    |     0.000 |
|       pixel_status_reg_2560_2687_14_14    |     0.000 |
|       pixel_status_reg_2560_2687_15_15    |     0.000 |
|       pixel_status_reg_2560_2687_1_1      |     0.000 |
|       pixel_status_reg_2560_2687_2_2      |     0.000 |
|       pixel_status_reg_2560_2687_3_3      |     0.000 |
|       pixel_status_reg_2560_2687_4_4      |     0.000 |
|       pixel_status_reg_2560_2687_5_5      |     0.000 |
|       pixel_status_reg_2560_2687_6_6      |     0.000 |
|       pixel_status_reg_2560_2687_7_7      |     0.000 |
|       pixel_status_reg_2560_2687_8_8      |     0.000 |
|       pixel_status_reg_2560_2687_9_9      |     0.000 |
|       pixel_status_reg_256_383_0_0        |     0.000 |
|       pixel_status_reg_256_383_10_10      |     0.000 |
|       pixel_status_reg_256_383_11_11      |     0.000 |
|       pixel_status_reg_256_383_12_12      |     0.000 |
|       pixel_status_reg_256_383_13_13      |     0.000 |
|       pixel_status_reg_256_383_14_14      |     0.000 |
|       pixel_status_reg_256_383_15_15      |     0.000 |
|       pixel_status_reg_256_383_1_1        |     0.000 |
|       pixel_status_reg_256_383_2_2        |     0.000 |
|       pixel_status_reg_256_383_3_3        |     0.000 |
|       pixel_status_reg_256_383_4_4        |     0.000 |
|       pixel_status_reg_256_383_5_5        |     0.000 |
|       pixel_status_reg_256_383_6_6        |     0.000 |
|       pixel_status_reg_256_383_7_7        |     0.000 |
|       pixel_status_reg_256_383_8_8        |     0.000 |
|       pixel_status_reg_256_383_9_9        |     0.000 |
|       pixel_status_reg_2688_2815_0_0      |     0.000 |
|       pixel_status_reg_2688_2815_10_10    |     0.000 |
|       pixel_status_reg_2688_2815_11_11    |     0.000 |
|       pixel_status_reg_2688_2815_12_12    |     0.000 |
|       pixel_status_reg_2688_2815_13_13    |     0.000 |
|       pixel_status_reg_2688_2815_14_14    |     0.000 |
|       pixel_status_reg_2688_2815_15_15    |     0.000 |
|       pixel_status_reg_2688_2815_1_1      |     0.000 |
|       pixel_status_reg_2688_2815_2_2      |     0.000 |
|       pixel_status_reg_2688_2815_3_3      |     0.000 |
|       pixel_status_reg_2688_2815_4_4      |     0.000 |
|       pixel_status_reg_2688_2815_5_5      |     0.000 |
|       pixel_status_reg_2688_2815_6_6      |     0.000 |
|       pixel_status_reg_2688_2815_7_7      |     0.000 |
|       pixel_status_reg_2688_2815_8_8      |     0.000 |
|       pixel_status_reg_2688_2815_9_9      |     0.000 |
|       pixel_status_reg_2816_2943_0_0      |     0.000 |
|       pixel_status_reg_2816_2943_10_10    |     0.000 |
|       pixel_status_reg_2816_2943_11_11    |     0.000 |
|       pixel_status_reg_2816_2943_12_12    |     0.000 |
|       pixel_status_reg_2816_2943_13_13    |     0.000 |
|       pixel_status_reg_2816_2943_14_14    |     0.000 |
|       pixel_status_reg_2816_2943_15_15    |     0.000 |
|       pixel_status_reg_2816_2943_1_1      |     0.000 |
|       pixel_status_reg_2816_2943_2_2      |     0.000 |
|       pixel_status_reg_2816_2943_3_3      |     0.000 |
|       pixel_status_reg_2816_2943_4_4      |     0.000 |
|       pixel_status_reg_2816_2943_5_5      |     0.000 |
|       pixel_status_reg_2816_2943_6_6      |     0.000 |
|       pixel_status_reg_2816_2943_7_7      |     0.000 |
|       pixel_status_reg_2816_2943_8_8      |     0.000 |
|       pixel_status_reg_2816_2943_9_9      |     0.000 |
|       pixel_status_reg_2944_3071_0_0      |     0.000 |
|       pixel_status_reg_2944_3071_10_10    |     0.000 |
|       pixel_status_reg_2944_3071_11_11    |     0.000 |
|       pixel_status_reg_2944_3071_12_12    |     0.000 |
|       pixel_status_reg_2944_3071_13_13    |     0.000 |
|       pixel_status_reg_2944_3071_14_14    |     0.000 |
|       pixel_status_reg_2944_3071_15_15    |     0.000 |
|       pixel_status_reg_2944_3071_1_1      |     0.000 |
|       pixel_status_reg_2944_3071_2_2      |     0.000 |
|       pixel_status_reg_2944_3071_3_3      |     0.000 |
|       pixel_status_reg_2944_3071_4_4      |     0.000 |
|       pixel_status_reg_2944_3071_5_5      |     0.000 |
|       pixel_status_reg_2944_3071_6_6      |     0.000 |
|       pixel_status_reg_2944_3071_7_7      |     0.000 |
|       pixel_status_reg_2944_3071_8_8      |     0.000 |
|       pixel_status_reg_2944_3071_9_9      |     0.000 |
|       pixel_status_reg_3072_3199_0_0      |     0.000 |
|       pixel_status_reg_3072_3199_10_10    |     0.000 |
|       pixel_status_reg_3072_3199_11_11    |     0.000 |
|       pixel_status_reg_3072_3199_12_12    |     0.000 |
|       pixel_status_reg_3072_3199_13_13    |     0.000 |
|       pixel_status_reg_3072_3199_14_14    |     0.000 |
|       pixel_status_reg_3072_3199_15_15    |     0.000 |
|       pixel_status_reg_3072_3199_1_1      |     0.000 |
|       pixel_status_reg_3072_3199_2_2      |     0.000 |
|       pixel_status_reg_3072_3199_3_3      |     0.000 |
|       pixel_status_reg_3072_3199_4_4      |     0.000 |
|       pixel_status_reg_3072_3199_5_5      |     0.000 |
|       pixel_status_reg_3072_3199_6_6      |     0.000 |
|       pixel_status_reg_3072_3199_7_7      |     0.000 |
|       pixel_status_reg_3072_3199_8_8      |     0.000 |
|       pixel_status_reg_3072_3199_9_9      |     0.000 |
|       pixel_status_reg_3200_3327_0_0      |     0.000 |
|       pixel_status_reg_3200_3327_10_10    |     0.000 |
|       pixel_status_reg_3200_3327_11_11    |     0.000 |
|       pixel_status_reg_3200_3327_12_12    |     0.000 |
|       pixel_status_reg_3200_3327_13_13    |     0.000 |
|       pixel_status_reg_3200_3327_14_14    |     0.000 |
|       pixel_status_reg_3200_3327_15_15    |     0.000 |
|       pixel_status_reg_3200_3327_1_1      |     0.000 |
|       pixel_status_reg_3200_3327_2_2      |     0.000 |
|       pixel_status_reg_3200_3327_3_3      |     0.000 |
|       pixel_status_reg_3200_3327_4_4      |     0.000 |
|       pixel_status_reg_3200_3327_5_5      |     0.000 |
|       pixel_status_reg_3200_3327_6_6      |     0.000 |
|       pixel_status_reg_3200_3327_7_7      |     0.000 |
|       pixel_status_reg_3200_3327_8_8      |     0.000 |
|       pixel_status_reg_3200_3327_9_9      |     0.000 |
|       pixel_status_reg_3328_3455_0_0      |     0.000 |
|       pixel_status_reg_3328_3455_10_10    |     0.000 |
|       pixel_status_reg_3328_3455_11_11    |     0.000 |
|       pixel_status_reg_3328_3455_12_12    |     0.000 |
|       pixel_status_reg_3328_3455_13_13    |     0.000 |
|       pixel_status_reg_3328_3455_14_14    |     0.000 |
|       pixel_status_reg_3328_3455_15_15    |     0.000 |
|       pixel_status_reg_3328_3455_1_1      |     0.000 |
|       pixel_status_reg_3328_3455_2_2      |     0.000 |
|       pixel_status_reg_3328_3455_3_3      |     0.000 |
|       pixel_status_reg_3328_3455_4_4      |     0.000 |
|       pixel_status_reg_3328_3455_5_5      |     0.000 |
|       pixel_status_reg_3328_3455_6_6      |     0.000 |
|       pixel_status_reg_3328_3455_7_7      |     0.000 |
|       pixel_status_reg_3328_3455_8_8      |     0.000 |
|       pixel_status_reg_3328_3455_9_9      |     0.000 |
|       pixel_status_reg_3456_3583_0_0      |     0.000 |
|       pixel_status_reg_3456_3583_10_10    |     0.000 |
|       pixel_status_reg_3456_3583_11_11    |     0.000 |
|       pixel_status_reg_3456_3583_12_12    |     0.000 |
|       pixel_status_reg_3456_3583_13_13    |     0.000 |
|       pixel_status_reg_3456_3583_14_14    |     0.000 |
|       pixel_status_reg_3456_3583_15_15    |     0.000 |
|       pixel_status_reg_3456_3583_1_1      |     0.000 |
|       pixel_status_reg_3456_3583_2_2      |     0.000 |
|       pixel_status_reg_3456_3583_3_3      |     0.000 |
|       pixel_status_reg_3456_3583_4_4      |     0.000 |
|       pixel_status_reg_3456_3583_5_5      |     0.000 |
|       pixel_status_reg_3456_3583_6_6      |     0.000 |
|       pixel_status_reg_3456_3583_7_7      |     0.000 |
|       pixel_status_reg_3456_3583_8_8      |     0.000 |
|       pixel_status_reg_3456_3583_9_9      |     0.000 |
|       pixel_status_reg_3584_3711_0_0      |     0.000 |
|       pixel_status_reg_3584_3711_10_10    |     0.000 |
|       pixel_status_reg_3584_3711_11_11    |     0.000 |
|       pixel_status_reg_3584_3711_12_12    |     0.000 |
|       pixel_status_reg_3584_3711_13_13    |     0.000 |
|       pixel_status_reg_3584_3711_14_14    |     0.000 |
|       pixel_status_reg_3584_3711_15_15    |     0.000 |
|       pixel_status_reg_3584_3711_1_1      |     0.000 |
|       pixel_status_reg_3584_3711_2_2      |     0.000 |
|       pixel_status_reg_3584_3711_3_3      |     0.000 |
|       pixel_status_reg_3584_3711_4_4      |     0.000 |
|       pixel_status_reg_3584_3711_5_5      |     0.000 |
|       pixel_status_reg_3584_3711_6_6      |     0.000 |
|       pixel_status_reg_3584_3711_7_7      |     0.000 |
|       pixel_status_reg_3584_3711_8_8      |     0.000 |
|       pixel_status_reg_3584_3711_9_9      |     0.000 |
|       pixel_status_reg_3712_3839_0_0      |     0.000 |
|       pixel_status_reg_3712_3839_10_10    |     0.000 |
|       pixel_status_reg_3712_3839_11_11    |     0.000 |
|       pixel_status_reg_3712_3839_12_12    |     0.000 |
|       pixel_status_reg_3712_3839_13_13    |     0.000 |
|       pixel_status_reg_3712_3839_14_14    |     0.000 |
|       pixel_status_reg_3712_3839_15_15    |     0.000 |
|       pixel_status_reg_3712_3839_1_1      |     0.000 |
|       pixel_status_reg_3712_3839_2_2      |     0.000 |
|       pixel_status_reg_3712_3839_3_3      |     0.000 |
|       pixel_status_reg_3712_3839_4_4      |     0.000 |
|       pixel_status_reg_3712_3839_5_5      |     0.000 |
|       pixel_status_reg_3712_3839_6_6      |     0.000 |
|       pixel_status_reg_3712_3839_7_7      |     0.000 |
|       pixel_status_reg_3712_3839_8_8      |     0.000 |
|       pixel_status_reg_3712_3839_9_9      |     0.000 |
|       pixel_status_reg_3840_3967_0_0      |     0.000 |
|       pixel_status_reg_3840_3967_10_10    |     0.000 |
|       pixel_status_reg_3840_3967_11_11    |     0.000 |
|       pixel_status_reg_3840_3967_12_12    |     0.000 |
|       pixel_status_reg_3840_3967_13_13    |     0.000 |
|       pixel_status_reg_3840_3967_14_14    |     0.000 |
|       pixel_status_reg_3840_3967_15_15    |     0.000 |
|       pixel_status_reg_3840_3967_1_1      |     0.000 |
|       pixel_status_reg_3840_3967_2_2      |     0.000 |
|       pixel_status_reg_3840_3967_3_3      |     0.000 |
|       pixel_status_reg_3840_3967_4_4      |     0.000 |
|       pixel_status_reg_3840_3967_5_5      |     0.000 |
|       pixel_status_reg_3840_3967_6_6      |     0.000 |
|       pixel_status_reg_3840_3967_7_7      |     0.000 |
|       pixel_status_reg_3840_3967_8_8      |     0.000 |
|       pixel_status_reg_3840_3967_9_9      |     0.000 |
|       pixel_status_reg_384_511_0_0        |     0.000 |
|       pixel_status_reg_384_511_10_10      |     0.000 |
|       pixel_status_reg_384_511_11_11      |     0.000 |
|       pixel_status_reg_384_511_12_12      |     0.000 |
|       pixel_status_reg_384_511_13_13      |     0.000 |
|       pixel_status_reg_384_511_14_14      |     0.000 |
|       pixel_status_reg_384_511_15_15      |     0.000 |
|       pixel_status_reg_384_511_1_1        |     0.000 |
|       pixel_status_reg_384_511_2_2        |     0.000 |
|       pixel_status_reg_384_511_3_3        |     0.000 |
|       pixel_status_reg_384_511_4_4        |     0.000 |
|       pixel_status_reg_384_511_5_5        |     0.000 |
|       pixel_status_reg_384_511_6_6        |     0.000 |
|       pixel_status_reg_384_511_7_7        |     0.000 |
|       pixel_status_reg_384_511_8_8        |     0.000 |
|       pixel_status_reg_384_511_9_9        |     0.000 |
|       pixel_status_reg_3968_4095_0_0      |     0.000 |
|       pixel_status_reg_3968_4095_10_10    |     0.000 |
|       pixel_status_reg_3968_4095_11_11    |     0.000 |
|       pixel_status_reg_3968_4095_12_12    |     0.000 |
|       pixel_status_reg_3968_4095_13_13    |     0.000 |
|       pixel_status_reg_3968_4095_14_14    |     0.000 |
|       pixel_status_reg_3968_4095_15_15    |     0.000 |
|       pixel_status_reg_3968_4095_1_1      |     0.000 |
|       pixel_status_reg_3968_4095_2_2      |     0.000 |
|       pixel_status_reg_3968_4095_3_3      |     0.000 |
|       pixel_status_reg_3968_4095_4_4      |     0.000 |
|       pixel_status_reg_3968_4095_5_5      |     0.000 |
|       pixel_status_reg_3968_4095_6_6      |     0.000 |
|       pixel_status_reg_3968_4095_7_7      |     0.000 |
|       pixel_status_reg_3968_4095_8_8      |     0.000 |
|       pixel_status_reg_3968_4095_9_9      |     0.000 |
|       pixel_status_reg_4096_4223_0_0      |     0.000 |
|       pixel_status_reg_4096_4223_10_10    |     0.000 |
|       pixel_status_reg_4096_4223_11_11    |     0.000 |
|       pixel_status_reg_4096_4223_12_12    |     0.000 |
|       pixel_status_reg_4096_4223_13_13    |     0.000 |
|       pixel_status_reg_4096_4223_14_14    |     0.000 |
|       pixel_status_reg_4096_4223_15_15    |     0.000 |
|       pixel_status_reg_4096_4223_1_1      |     0.000 |
|       pixel_status_reg_4096_4223_2_2      |     0.000 |
|       pixel_status_reg_4096_4223_3_3      |     0.000 |
|       pixel_status_reg_4096_4223_4_4      |     0.000 |
|       pixel_status_reg_4096_4223_5_5      |     0.000 |
|       pixel_status_reg_4096_4223_6_6      |     0.000 |
|       pixel_status_reg_4096_4223_7_7      |     0.000 |
|       pixel_status_reg_4096_4223_8_8      |     0.000 |
|       pixel_status_reg_4096_4223_9_9      |     0.000 |
|       pixel_status_reg_512_639_0_0        |     0.000 |
|       pixel_status_reg_512_639_10_10      |     0.000 |
|       pixel_status_reg_512_639_11_11      |     0.000 |
|       pixel_status_reg_512_639_12_12      |     0.000 |
|       pixel_status_reg_512_639_13_13      |     0.000 |
|       pixel_status_reg_512_639_14_14      |     0.000 |
|       pixel_status_reg_512_639_15_15      |     0.000 |
|       pixel_status_reg_512_639_1_1        |     0.000 |
|       pixel_status_reg_512_639_2_2        |     0.000 |
|       pixel_status_reg_512_639_3_3        |     0.000 |
|       pixel_status_reg_512_639_4_4        |     0.000 |
|       pixel_status_reg_512_639_5_5        |     0.000 |
|       pixel_status_reg_512_639_6_6        |     0.000 |
|       pixel_status_reg_512_639_7_7        |     0.000 |
|       pixel_status_reg_512_639_8_8        |     0.000 |
|       pixel_status_reg_512_639_9_9        |     0.000 |
|       pixel_status_reg_640_767_0_0        |     0.000 |
|       pixel_status_reg_640_767_10_10      |     0.000 |
|       pixel_status_reg_640_767_11_11      |     0.000 |
|       pixel_status_reg_640_767_12_12      |     0.000 |
|       pixel_status_reg_640_767_13_13      |     0.000 |
|       pixel_status_reg_640_767_14_14      |     0.000 |
|       pixel_status_reg_640_767_15_15      |     0.000 |
|       pixel_status_reg_640_767_1_1        |     0.000 |
|       pixel_status_reg_640_767_2_2        |     0.000 |
|       pixel_status_reg_640_767_3_3        |     0.000 |
|       pixel_status_reg_640_767_4_4        |     0.000 |
|       pixel_status_reg_640_767_5_5        |     0.000 |
|       pixel_status_reg_640_767_6_6        |     0.000 |
|       pixel_status_reg_640_767_7_7        |     0.000 |
|       pixel_status_reg_640_767_8_8        |     0.000 |
|       pixel_status_reg_640_767_9_9        |     0.000 |
|       pixel_status_reg_768_895_0_0        |     0.000 |
|       pixel_status_reg_768_895_10_10      |     0.000 |
|       pixel_status_reg_768_895_11_11      |     0.000 |
|       pixel_status_reg_768_895_12_12      |     0.000 |
|       pixel_status_reg_768_895_13_13      |     0.000 |
|       pixel_status_reg_768_895_14_14      |     0.000 |
|       pixel_status_reg_768_895_15_15      |     0.000 |
|       pixel_status_reg_768_895_1_1        |     0.000 |
|       pixel_status_reg_768_895_2_2        |     0.000 |
|       pixel_status_reg_768_895_3_3        |     0.000 |
|       pixel_status_reg_768_895_4_4        |     0.000 |
|       pixel_status_reg_768_895_5_5        |     0.000 |
|       pixel_status_reg_768_895_6_6        |     0.000 |
|       pixel_status_reg_768_895_7_7        |     0.000 |
|       pixel_status_reg_768_895_8_8        |     0.000 |
|       pixel_status_reg_768_895_9_9        |     0.000 |
|       pixel_status_reg_896_1023_0_0       |     0.000 |
|       pixel_status_reg_896_1023_10_10     |     0.000 |
|       pixel_status_reg_896_1023_11_11     |     0.000 |
|       pixel_status_reg_896_1023_12_12     |     0.000 |
|       pixel_status_reg_896_1023_13_13     |     0.000 |
|       pixel_status_reg_896_1023_14_14     |     0.000 |
|       pixel_status_reg_896_1023_15_15     |     0.000 |
|       pixel_status_reg_896_1023_1_1       |     0.000 |
|       pixel_status_reg_896_1023_2_2       |     0.000 |
|       pixel_status_reg_896_1023_3_3       |     0.000 |
|       pixel_status_reg_896_1023_4_4       |     0.000 |
|       pixel_status_reg_896_1023_5_5       |     0.000 |
|       pixel_status_reg_896_1023_6_6       |     0.000 |
|       pixel_status_reg_896_1023_7_7       |     0.000 |
|       pixel_status_reg_896_1023_8_8       |     0.000 |
|       pixel_status_reg_896_1023_9_9       |     0.000 |
|       unit_my_OLED                        |    <0.001 |
|   impr_b                                  |     0.004 |
|     clk_0p4s                              |    <0.001 |
|     clk_20kHz                             |    <0.001 |
|     clk_25MHz                             |    <0.001 |
|     duration_reg_0_15_0_0                 |    <0.001 |
|     duration_reg_0_15_10_10               |     0.000 |
|     duration_reg_0_15_11_11               |     0.000 |
|     duration_reg_0_15_1_1                 |     0.000 |
|     duration_reg_0_15_2_2                 |     0.000 |
|     duration_reg_0_15_3_3                 |     0.000 |
|     duration_reg_0_15_4_4                 |     0.000 |
|     duration_reg_0_15_5_5                 |     0.000 |
|     duration_reg_0_15_6_6                 |     0.000 |
|     duration_reg_0_15_7_7                 |     0.000 |
|     duration_reg_0_15_8_8                 |     0.000 |
|     duration_reg_0_15_9_9                 |     0.000 |
|     frequency_reg_0_15_0_0                |    <0.001 |
|     frequency_reg_0_15_10_10              |     0.000 |
|     frequency_reg_0_15_11_11              |     0.000 |
|     frequency_reg_0_15_1_1                |     0.000 |
|     frequency_reg_0_15_2_2                |     0.000 |
|     frequency_reg_0_15_3_3                |     0.000 |
|     frequency_reg_0_15_4_4                |     0.000 |
|     frequency_reg_0_15_5_5                |     0.000 |
|     frequency_reg_0_15_6_6                |     0.000 |
|     frequency_reg_0_15_7_7                |     0.000 |
|     frequency_reg_0_15_8_8                |     0.000 |
|     frequency_reg_0_15_9_9                |     0.000 |
|     logic                                 |     0.003 |
|       tone                                |     0.002 |
|         DAC2                              |    <0.001 |
|         beep                              |    <0.001 |
|         clock_20k                         |    <0.001 |
|         clock_50M                         |    <0.001 |
|         clock_tf                          |    <0.001 |
|     ts                                    |    <0.001 |
|   impr_c                                  |     0.016 |
|     amplitude_database_reg_0_63_0_2       |     0.000 |
|     amplitude_database_reg_0_63_12_14     |     0.000 |
|     amplitude_database_reg_0_63_15_15     |     0.000 |
|     amplitude_database_reg_0_63_3_5       |     0.000 |
|     amplitude_database_reg_0_63_6_8       |     0.000 |
|     amplitude_database_reg_0_63_9_11      |     0.000 |
|     amplitude_database_reg_64_127_0_2     |     0.000 |
|     amplitude_database_reg_64_127_12_14   |     0.000 |
|     amplitude_database_reg_64_127_15_15   |     0.000 |
|     amplitude_database_reg_64_127_3_5     |     0.000 |
|     amplitude_database_reg_64_127_6_8     |     0.000 |
|     amplitude_database_reg_64_127_9_11    |     0.000 |
|     amplitude_to_compare_reg_0_63_0_2     |     0.000 |
|     amplitude_to_compare_reg_0_63_12_14   |     0.000 |
|     amplitude_to_compare_reg_0_63_15_15   |     0.000 |
|     amplitude_to_compare_reg_0_63_3_5     |     0.000 |
|     amplitude_to_compare_reg_0_63_6_8     |     0.000 |
|     amplitude_to_compare_reg_0_63_9_11    |     0.000 |
|     amplitude_to_compare_reg_64_127_0_2   |     0.000 |
|     amplitude_to_compare_reg_64_127_12_14 |     0.000 |
|     amplitude_to_compare_reg_64_127_15_15 |     0.000 |
|     amplitude_to_compare_reg_64_127_3_5   |     0.000 |
|     amplitude_to_compare_reg_64_127_6_8   |     0.000 |
|     amplitude_to_compare_reg_64_127_9_11  |     0.000 |
|     unit_2                                |    <0.001 |
|     unit_3                                |    <0.001 |
|     unit_4                                |    <0.001 |
|     unit_5                                |     0.001 |
|     unit_my_audio_input                   |    <0.001 |
|   impr_d                                  |     0.055 |
|     LED_Clock                             |    <0.001 |
|     angrys                                |    <0.001 |
|     clowns                                |     0.007 |
|     helldisplay                           |     0.007 |
|     moods                                 |    <0.001 |
|     onehz                                 |    <0.001 |
|     pixel_XY                              |    <0.001 |
|     sads                                  |    <0.001 |
|     unit_my_OLED                          |    <0.001 |
|     v1                                    |    <0.001 |
|     v2                                    |     0.007 |
|     v3                                    |    <0.001 |
|     v4                                    |     0.001 |
|       fasthzclock                         |    <0.001 |
|       onehzclock                          |    <0.001 |
|       slow                                |    <0.001 |
|     v5                                    |     0.007 |
|     v6                                    |     0.007 |
|     v7                                    |     0.007 |
|     v8                                    |     0.007 |
|     v9                                    |    <0.001 |
|   impr_group                              |     0.001 |
|     clk_20kHz                             |    <0.001 |
|     logic                                 |    <0.001 |
|       unit_my_audio_input                 |    <0.001 |
|     morse_oled                            |    <0.001 |
|       LED_Clock                           |    <0.001 |
|       unit_my_OLED                        |    <0.001 |
|   menu_UI                                 |     0.002 |
|     D__0                                  |    <0.001 |
|     LED_Clock                             |    <0.001 |
|     A                                     |    <0.001 |
|     a                                     |    <0.001 |
|     B                                     |    <0.001 |
|     b                                     |    <0.001 |
|     back                                  |    <0.001 |
|     C                                     |    <0.001 |
|     c                                     |    <0.001 |
|     d                                     |    <0.001 |
|     G                                     |    <0.001 |
|     g                                     |    <0.001 |
|     improvement                           |    <0.001 |
|     pixel_XY                              |    <0.001 |
|     temp                                  |    <0.001 |
|     twentyfive                            |    <0.001 |
|     unit_my_OLED                          |    <0.001 |
|   mouse                                   |     0.003 |
|     Inst_Ps2Interface                     |    <0.001 |
|   ps2_clk_IOBUF_inst                      |     0.000 |
|   ps2_data_IOBUF_inst                     |     0.000 |
|   task_a                                  |    <0.001 |
|     unit_0                                |    <0.001 |
|     unit_2                                |     0.000 |
|     unit_3                                |     0.000 |
|     unit_my_audio_input                   |    <0.001 |
|   task_b                                  |     0.002 |
|     individual_task                       |     0.002 |
|       DAC2                                |    <0.001 |
|       beep                                |    <0.001 |
|       clock_20k                           |    <0.001 |
|       clock_50M                           |    <0.001 |
|       clock_f                             |    <0.001 |
|       clock_tf                            |    <0.001 |
|   task_c                                  |    <0.001 |
|     LED_Clock                             |    <0.001 |
|     pixel_XY                              |    <0.001 |
|     unit_my_OLED                          |    <0.001 |
|   task_d                                  |    <0.001 |
|     LED_Clock                             |    <0.001 |
|     makenum                               |    <0.001 |
|     pixel_XY                              |    <0.001 |
|     switch                                |    <0.001 |
|     unit_my_OLED                          |    <0.001 |
|   task_group                              |     0.004 |
|     clk_20khz                             |    <0.001 |
|     clk_6p25khz                           |    <0.001 |
|     group_task                            |     0.002 |
|       DAC2                                |    <0.001 |
|       beep                                |    <0.001 |
|       clock_20k                           |    <0.001 |
|       clock_50M                           |    <0.001 |
|       clock_f                             |    <0.001 |
|       clock_tf                            |    <0.001 |
|     makenum                               |    <0.001 |
|     nolabel_line127                       |    <0.001 |
|       clk_80kHz                           |    <0.001 |
|     switch                                |    <0.001 |
|     unit_my_OLED                          |    <0.001 |
|     unit_my_audio_input                   |    <0.001 |
|     vol                                   |     0.000 |
+-------------------------------------------+-----------+


